<?xml version="1.0" encoding="UTF-8"?>
<!-- Generated by org.testng.reporters.JUnitReportReporter -->
<testsuite hostname="MSI" failures="0" tests="2" name="com.pwiddy.testscript.orderFood" time="6.419" errors="0" timestamp="2025-04-14T21:42:43 IST" skipped="0">
  <testcase classname="com.pwiddy.testscript.orderFood" name="openBrowser" time="3.269">
    <system-out>
      <![CDATA[openBrowserhas got pass]]>
    </system-out>
  </testcase> <!-- openBrowser -->
  <testcase classname="com.pwiddy.testscript.orderFood" name="restaurant" time="3.150">
    <system-out>
      <![CDATA[restauranthas got pass]]>
    </system-out>
  </testcase> <!-- restaurant -->
  <system-out>
    <![CDATA[openBrowserhas got pass
restauranthas got pass]]>
  </system-out>
</testsuite> <!-- com.pwiddy.testscript.orderFood -->
