<?xml version="1.0" encoding="UTF-8"?>
<!-- Generated by org.testng.reporters.JUnitReportReporter -->
<testsuite hostname="MSI" failures="0" tests="2" name="com.pwiddy.testscript.searchrestaurant" time="8.423" errors="0" timestamp="2025-04-09T19:26:11 IST" skipped="0">
  <testcase classname="com.pwiddy.testscript.searchrestaurant" name="restaurant" time="5.030"/>
  <testcase classname="com.pwiddy.testscript.searchrestaurant" name="openBrowser" time="3.393"/>
</testsuite> <!-- com.pwiddy.testscript.searchrestaurant -->
