<?xml version="1.0" encoding="UTF-8"?>
<!-- Generated by org.testng.reporters.JUnitReportReporter -->
<testsuite hostname="MSI" failures="0" tests="1" name="com.pwiddy.generic.Baseclass" time="3.196" errors="0" timestamp="2025-04-09T19:26:11 IST" skipped="0">
  <testcase classname="com.pwiddy.generic.Baseclass" name="openBrowser" time="3.196"/>
</testsuite> <!-- com.pwiddy.generic.Baseclass -->
