<?xml version="1.0" encoding="UTF-8"?>
<!-- Generated by org.testng.reporters.JUnitReportReporter -->
<testsuite hostname="MSI" failures="0" tests="2" name="com.pwiddy.testscript.orderwithoutaddress" time="7.537" errors="0" timestamp="2025-04-14T23:08:43 IST" skipped="0">
  <testcase classname="com.pwiddy.testscript.orderwithoutaddress" name="withoutaddress" time="4.075"/>
  <testcase classname="com.pwiddy.testscript.orderwithoutaddress" name="openBrowser" time="3.462"/>
</testsuite> <!-- com.pwiddy.testscript.orderwithoutaddress -->
